<?xml version="1.0" encoding="UTF-8"?>
<testsuite xmlns:xsi="http://www.w3.org/2001/XMLSchema-instance" xsi:noNamespaceSchemaLocation="https://maven.apache.org/surefire/maven-surefire-plugin/xsd/surefire-test-report.xsd" name="cucmber.Options.TestRunner" time="8.35" tests="11" errors="0" skipped="0" failures="0">
  <properties>
[...]
</properties>
  <testcase name="Verify that sId is returning when user provide valid data" classname="Validate Search Hotels API." time="3.958"/>
  <testcase name="Verify Api is working successfully with random checkin and checkout dates" classname="Validate Search Hotels API." time="0.371"/>
  <testcase name="Verify that api is throwing 400 if checkout date before checkin date" classname="Validate Search Hotels API." time="0.315"/>
  <testcase name="Verify that api is throwing 400 if checkin date or/and checkout is in the past #1" classname="Validate Search Hotels API." time="0.301"/>
  <testcase name="Verify that api is throwing 400 if checkin date or/and checkout is in the past #2" classname="Validate Search Hotels API." time="0.369"/>
  <testcase name="Verify that api throwing if there is more than 30 days between checkin date and checkout date" classname="Validate Search Hotels API." time="0.347"/>
  <testcase name="Verify that child ages is not required and sId is returning" classname="Validate Search Hotels API." time="0.318"/>
  <testcase name="Verify that if Adults + childs.size() is more than 8 API is throwing 400" classname="Validate Search Hotels API." time="0.328"/>
  <testcase name="Verify that API is throwing 400 if any child age is more that 11" classname="Validate Search Hotels API." time="0.305"/>
  <testcase name="Verify that Search  place is returns Locations and Hotels when data is valid." classname="Validate Search Place API." time="0.343"/>
  <testcase name="Verify that Search  places API is throwing 400 if quer is empty" classname="Validate Search Place API." time="0.273"/>
</testsuite>